<?xml version="1.0" encoding="UTF-8"?>
<!-- Generated by org.testng.reporters.JUnitXMLReporter -->
<testsuite ignored="5" hostname="DESKTOP-93B8F71" failures="0" tests="4" name="Test" time="47.534" errors="0" timestamp="2022-08-19T12:52:15 EDT">
  <testcase classname="testCases.LoginPageTest" name="loginTest" time="2.412"/>
  <testcase classname="testCases.homePageTest" name="validationOfNavbar" time="0.164"/>
  <testcase classname="testCases.LoginWithParamater" name="loginTest" time="2.51"/>
  <testcase classname="testCases.LoginWithParamater" name="loginTest" time="2.095"/>
  <testcase classname="testCases.homePageTest" name="titleValidation" time="0.0">
    <ignored/>
  </testcase> <!-- titleValidation -->
  <testcase classname="baseClass.BaseClass" name="@AfterSuite afterSuite" time="0.0">
    <ignored/>
  </testcase> <!-- @AfterSuite afterSuite -->
  <testcase classname="baseClass.BaseClass" name="@AfterSuite afterSuite" time="0.0">
    <ignored/>
  </testcase> <!-- @AfterSuite afterSuite -->
  <testcase classname="baseClass.BaseClass" name="@BeforeSuite beforesuite" time="0.0">
    <ignored/>
  </testcase> <!-- @BeforeSuite beforesuite -->
  <testcase classname="baseClass.BaseClass" name="@BeforeSuite beforesuite" time="0.0">
    <ignored/>
  </testcase> <!-- @BeforeSuite beforesuite -->
</testsuite> <!-- Test -->
