<?xml version="1.0" encoding="UTF-8"?>
<testng-results ignored="5" total="9" passed="4" failed="0" skipped="0">
  <reporter-output>
  </reporter-output>
  <suite started-at="2022-08-19T12:51:27 EDT" name="Suite" finished-at="2022-08-19T12:52:15 EDT" duration-ms="47534">
    <groups>
      <group name="regression">
        <method signature="LoginPageTest.loginTest()[pri:0, instance:testCases.LoginPageTest@2fb0623e]" name="loginTest" class="testCases.LoginPageTest"/>
        <method signature="homePageTest.validationOfNavbar()[pri:0, instance:testCases.homePageTest@4f49f6af]" name="validationOfNavbar" class="testCases.homePageTest"/>
      </group> <!-- regression -->
      <group name="smoke">
        <method signature="LoginPageTest.loginTest()[pri:0, instance:testCases.LoginPageTest@2fb0623e]" name="loginTest" class="testCases.LoginPageTest"/>
        <method signature="LoginWithParamater.loginTest(java.lang.String,java.lang.String,java.lang.String)[pri:0, instance:testCases.LoginWithParamater@78452606]" name="loginTest" class="testCases.LoginWithParamater"/>
        <method signature="homePageTest.validationOfNavbar()[pri:0, instance:testCases.homePageTest@4f49f6af]" name="validationOfNavbar" class="testCases.homePageTest"/>
      </group> <!-- smoke -->
      <group name="sanity">
        <method signature="LoginPageTest.loginTest()[pri:0, instance:testCases.LoginPageTest@2fb0623e]" name="loginTest" class="testCases.LoginPageTest"/>
      </group> <!-- sanity -->
    </groups>
    <test started-at="2022-08-19T12:51:27 EDT" name="Test" finished-at="2022-08-19T12:52:15 EDT" duration-ms="47534">
      <class name="testCases.LoginPageTest">
        <test-method is-config="true" signature="beforesuite()[pri:0, instance:testCases.LoginPageTest@2fb0623e]" started-at="2022-08-19T12:51:27 EDT" name="beforesuite" finished-at="2022-08-19T12:51:27 EDT" duration-ms="78" status="PASS">
          <reporter-output>
          </reporter-output>
        </test-method> <!-- beforesuite -->
        <test-method is-config="true" signature="mybeforeMethod()[pri:0, instance:testCases.LoginPageTest@2fb0623e]" started-at="2022-08-19T12:51:27 EDT" name="mybeforeMethod" finished-at="2022-08-19T12:51:42 EDT" duration-ms="15206" status="PASS">
          <reporter-output>
          </reporter-output>
        </test-method> <!-- mybeforeMethod -->
        <test-method signature="loginTest()[pri:0, instance:testCases.LoginPageTest@2fb0623e]" started-at="2022-08-19T12:51:42 EDT" name="loginTest" finished-at="2022-08-19T12:51:45 EDT" duration-ms="2412" status="PASS">
          <reporter-output>
          </reporter-output>
        </test-method> <!-- loginTest -->
        <test-method is-config="true" signature="tearDown()[pri:0, instance:testCases.LoginPageTest@2fb0623e]" started-at="2022-08-19T12:51:45 EDT" name="tearDown" finished-at="2022-08-19T12:51:46 EDT" duration-ms="662" status="PASS">
          <reporter-output>
          </reporter-output>
        </test-method> <!-- tearDown -->
        <test-method is-config="true" signature="afterSuite()[pri:0, instance:testCases.LoginPageTest@2fb0623e]" started-at="2022-08-19T12:52:15 EDT" name="afterSuite" finished-at="2022-08-19T12:52:15 EDT" duration-ms="1" status="PASS">
          <reporter-output>
          </reporter-output>
        </test-method> <!-- afterSuite -->
      </class> <!-- testCases.LoginPageTest -->
      <class name="testCases.LoginWithParamater">
        <test-method is-config="true" signature="mybeforeMethod()[pri:0, instance:testCases.LoginWithParamater@78452606]" started-at="2022-08-19T12:51:57 EDT" name="mybeforeMethod" finished-at="2022-08-19T12:52:03 EDT" duration-ms="6102" status="PASS">
          <reporter-output>
          </reporter-output>
        </test-method> <!-- mybeforeMethod -->
        <test-method signature="loginTest(java.lang.String,java.lang.String,java.lang.String)[pri:0, instance:testCases.LoginWithParamater@78452606]" started-at="2022-08-19T12:52:03 EDT" name="loginTest" data-provider="getData" finished-at="2022-08-19T12:52:05 EDT" duration-ms="2510" status="PASS">
          <params>
            <param index="0">
              <value>
                <![CDATA[Admin]]>
              </value>
            </param>
            <param index="1">
              <value>
                <![CDATA[admin123]]>
              </value>
            </param>
            <param index="2">
              <value>
                <![CDATA[Admin test]]>
              </value>
            </param>
          </params>
          <reporter-output>
          </reporter-output>
        </test-method> <!-- loginTest -->
        <test-method is-config="true" signature="tearDown()[pri:0, instance:testCases.LoginWithParamater@78452606]" started-at="2022-08-19T12:52:05 EDT" name="tearDown" finished-at="2022-08-19T12:52:06 EDT" duration-ms="860" status="PASS">
          <reporter-output>
          </reporter-output>
        </test-method> <!-- tearDown -->
        <test-method is-config="true" signature="mybeforeMethod()[pri:0, instance:testCases.LoginWithParamater@78452606]" started-at="2022-08-19T12:52:06 EDT" name="mybeforeMethod" finished-at="2022-08-19T12:52:12 EDT" duration-ms="5876" status="PASS">
          <reporter-output>
          </reporter-output>
        </test-method> <!-- mybeforeMethod -->
        <test-method signature="loginTest(java.lang.String,java.lang.String,java.lang.String)[pri:0, instance:testCases.LoginWithParamater@78452606]" started-at="2022-08-19T12:52:12 EDT" name="loginTest" data-provider="getData" finished-at="2022-08-19T12:52:14 EDT" duration-ms="2095" status="PASS">
          <params>
            <param index="0">
              <value>
                <![CDATA[administrator]]>
              </value>
            </param>
            <param index="1">
              <value>
                <![CDATA[khan]]>
              </value>
            </param>
            <param index="2">
              <value>
                <![CDATA[Administrator test]]>
              </value>
            </param>
          </params>
          <reporter-output>
          </reporter-output>
        </test-method> <!-- loginTest -->
        <test-method is-config="true" signature="tearDown()[pri:0, instance:testCases.LoginWithParamater@78452606]" started-at="2022-08-19T12:52:14 EDT" name="tearDown" finished-at="2022-08-19T12:52:15 EDT" duration-ms="649" status="PASS">
          <reporter-output>
          </reporter-output>
        </test-method> <!-- tearDown -->
      </class> <!-- testCases.LoginWithParamater -->
      <class name="testCases.homePageTest">
        <test-method is-config="true" signature="mybeforeMethod()[pri:0, instance:testCases.homePageTest@4f49f6af]" started-at="2022-08-19T12:51:46 EDT" name="mybeforeMethod" finished-at="2022-08-19T12:51:56 EDT" duration-ms="9999" status="PASS">
          <reporter-output>
          </reporter-output>
        </test-method> <!-- mybeforeMethod -->
        <test-method signature="validationOfNavbar()[pri:0, instance:testCases.homePageTest@4f49f6af]" started-at="2022-08-19T12:51:56 EDT" name="validationOfNavbar" finished-at="2022-08-19T12:51:56 EDT" duration-ms="164" status="PASS">
          <reporter-output>
          </reporter-output>
        </test-method> <!-- validationOfNavbar -->
        <test-method is-config="true" signature="tearDown()[pri:0, instance:testCases.homePageTest@4f49f6af]" started-at="2022-08-19T12:51:56 EDT" name="tearDown" finished-at="2022-08-19T12:51:57 EDT" duration-ms="919" status="PASS">
          <reporter-output>
          </reporter-output>
        </test-method> <!-- tearDown -->
      </class> <!-- testCases.homePageTest -->
    </test> <!-- Test -->
  </suite> <!-- Suite -->
</testng-results>
